Explicitly passing a `revision` is encouraged when loading a configuration with custom code to ensure no malicious code has been contributed in a newer revision.
Explicitly passing a `revision` is encouraged when loading a model with custom code to ensure no malicious code has been contributed in a newer revision.
Loading model...
cuda:0
model load done
----- test combination dataset -----
CombinationDataset loaded, dataset size: 48
sliding window inference for ROI
tensor(0.9365, device='cuda:0')
Traceback (most recent call last):
  File "/gpfs/home5/scur1193/DL2/DL2-group5-med-seg/job_files/../src/segvol_evaluation.py", line 423, in <module>
    main()
  File "/gpfs/home5/scur1193/DL2/DL2-group5-med-seg/job_files/../src/segvol_evaluation.py", line 417, in main
    eval.run_dataset(args)
  File "/gpfs/home5/scur1193/DL2/DL2-group5-med-seg/job_files/../src/segvol_evaluation.py", line 264, in run_dataset
    result_frame.loc[idx] = [args.dataset_code, organ, dice, args.randrotate, ''.join(args.prompts)]
  File "/gpfs/home5/scur1193/DL2/DL2-group5-med-seg/venv/lib/python3.10/site-packages/pandas/core/indexing.py", line 911, in __setitem__
    iloc._setitem_with_indexer(indexer, value, self.name)
  File "/gpfs/home5/scur1193/DL2/DL2-group5-med-seg/venv/lib/python3.10/site-packages/pandas/core/indexing.py", line 1932, in _setitem_with_indexer
    self._setitem_with_indexer_missing(indexer, value)
  File "/gpfs/home5/scur1193/DL2/DL2-group5-med-seg/venv/lib/python3.10/site-packages/pandas/core/indexing.py", line 2308, in _setitem_with_indexer_missing
    value = Series(value, index=self.obj.columns, name=indexer)
  File "/gpfs/home5/scur1193/DL2/DL2-group5-med-seg/venv/lib/python3.10/site-packages/pandas/core/series.py", line 584, in __init__
    data = sanitize_array(data, index, dtype, copy)
  File "/gpfs/home5/scur1193/DL2/DL2-group5-med-seg/venv/lib/python3.10/site-packages/pandas/core/construction.py", line 654, in sanitize_array
    subarr = maybe_convert_platform(data)
  File "/gpfs/home5/scur1193/DL2/DL2-group5-med-seg/venv/lib/python3.10/site-packages/pandas/core/dtypes/cast.py", line 131, in maybe_convert_platform
    arr = construct_1d_object_array_from_listlike(values)
  File "/gpfs/home5/scur1193/DL2/DL2-group5-med-seg/venv/lib/python3.10/site-packages/pandas/core/dtypes/cast.py", line 1601, in construct_1d_object_array_from_listlike
    result[:] = values
  File "/gpfs/home5/scur1193/DL2/DL2-group5-med-seg/venv/lib/python3.10/site-packages/torch/_tensor.py", line 1089, in __array__
    return self.numpy().astype(dtype, copy=False)
TypeError: can't convert cuda:0 device type tensor to numpy. Use Tensor.cpu() to copy the tensor to host memory first.

JOB STATISTICS
==============
Job ID: 6358760
Cluster: snellius
User/Group: scur1193/scur1193
State: RUNNING
Nodes: 1
Cores per node: 18
CPU Utilized: 00:00:00
CPU Efficiency: 0.00% of 00:13:48 core-walltime
Job Wall-clock time: 00:00:46
Memory Utilized: 0.00 MB (estimated maximum)
Memory Efficiency: 0.00% of 120.00 GB (120.00 GB/node)
WARNING: Efficiency statistics may be misleading for RUNNING jobs.
