Explicitly passing a `revision` is encouraged when loading a configuration with custom code to ensure no malicious code has been contributed in a newer revision.
Explicitly passing a `revision` is encouraged when loading a model with custom code to ensure no malicious code has been contributed in a newer revision.
Loading model...
cuda:0
model load done
----- test combination dataset -----
CombinationDataset loaded, dataset size: 48
slurmstepd: error: *** JOB 6359793 ON gcn25 CANCELLED AT 2024-05-23T12:39:52 DUE TO TIME LIMIT ***
slurmstepd: error: container_p_join: setns failed for /slurm/6359793/.ns: Invalid argument
slurmstepd: error: container_g_join(6359793): Invalid argument

JOB STATISTICS
==============
Job ID: 6359793
Cluster: snellius
User/Group: scur1193/scur1193
State: TIMEOUT (exit code 0)
Nodes: 1
Cores per node: 18
CPU Utilized: 00:00:00
CPU Efficiency: 0.00% of 00:37:30 core-walltime
Job Wall-clock time: 00:02:05
Memory Utilized: 11.14 GB
Memory Efficiency: 9.28% of 120.00 GB
